# JRE version: Java(TM) SE Runtime Environment (17.0.12+8) (build 17.0.12+8-LTS-286)
# Java VM: Java HotSpot(TM) 64-Bit Server VM (17.0.12+8-LTS-286, mixed mode, sharing, tiered, compressed oops, compressed class ptrs, g1 gc, windows-amd64)
GC Precious Log:
 CPUs: 4 total, 4 available
 Memory: 3836M
 Large Page Support: Disabled
 NUMA Support: Disabled
 Compressed Oops: Enabled (32-bit)
 Heap Region Size: 1M
 Heap Min Capacity: 8M
 Heap Initial Capacity: 60M
 Heap Max Capacity: 2G
 Pre-touch: Disabled
 Parallel Workers: 4
 Concurrent Workers: 1
 Concurrent Refinement Workers: 4
 Periodic GC: Disabled
Heap:
 garbage-first heap   total 330752K, used 254791K [0x0000000080000000, 0x0000000100000000)
  region size 1024K, 2 young (2048K), 2 survivors (2048K)
 Metaspace       used 115499K, committed 116480K, reserved 557056K
  class space    used 16071K, committed 16512K, reserved 425984K
GC Heap History (20 events):
Event: 32.957 GC heap after
{Heap after GC invocations=57 (full 0):
 garbage-first heap   total 242688K, used 121614K [0x0000000080000000, 0x0000000100000000)
  region size 1024K, 1 young (1024K), 1 survivors (1024K)
 Metaspace       used 100915K, committed 101824K, reserved 557056K
  class space    used 14095K, committed 14528K, reserved 425984K
}
Event: 34.735 GC heap before
{Heap before GC invocations=57 (full 0):
 garbage-first heap   total 242688K, used 210702K [0x0000000080000000, 0x0000000100000000)
  region size 1024K, 84 young (86016K), 1 survivors (1024K)
 Metaspace       used 104293K, committed 105280K, reserved 557056K
  class space    used 14379K, committed 14848K, reserved 425984K
}
Event: 34.751 GC heap after
{Heap after GC invocations=58 (full 0):
 garbage-first heap   total 313344K, used 132330K [0x0000000080000000, 0x0000000100000000)
  region size 1024K, 11 young (11264K), 11 survivors (11264K)
 Metaspace       used 104293K, committed 105280K, reserved 557056K
  class space    used 14379K, committed 14848K, reserved 425984K
}
Event: 36.350 GC heap before
{Heap before GC invocations=59 (full 0):
 garbage-first heap   total 313344K, used 245994K [0x0000000080000000, 0x0000000100000000)
  region size 1024K, 123 young (125952K), 11 survivors (11264K)
 Metaspace       used 104603K, committed 105600K, reserved 557056K
  class space    used 14411K, committed 14848K, reserved 425984K
}
Event: 36.377 GC heap after
{Heap after GC invocations=60 (full 0):
 garbage-first heap   total 313344K, used 135897K [0x0000000080000000, 0x0000000100000000)
  region size 1024K, 6 young (6144K), 6 survivors (6144K)
 Metaspace       used 104603K, committed 105600K, reserved 557056K
  class space    used 14411K, committed 14848K, reserved 425984K
}
Event: 36.467 GC heap before
{Heap before GC invocations=60 (full 0):
 garbage-first heap   total 313344K, used 145113K [0x0000000080000000, 0x0000000100000000)
  region size 1024K, 15 young (15360K), 6 survivors (6144K)
 Metaspace       used 104603K, committed 105600K, reserved 557056K
  class space    used 14411K, committed 14848K, reserved 425984K
}
Event: 36.474 GC heap after
{Heap after GC invocations=61 (full 0):
 garbage-first heap   total 313344K, used 133437K [0x0000000080000000, 0x0000000100000000)
  region size 1024K, 2 young (2048K), 2 survivors (2048K)
 Metaspace       used 104603K, committed 105600K, reserved 557056K
  class space    used 14411K, committed 14848K, reserved 425984K
}
Event: 37.565 GC heap before
{Heap before GC invocations=61 (full 0):
 garbage-first heap   total 313344K, used 254269K [0x0000000080000000, 0x0000000100000000)
  region size 1024K, 120 young (122880K), 2 survivors (2048K)
 Metaspace       used 104603K, committed 105600K, reserved 557056K
  class space    used 14411K, committed 14848K, reserved 425984K
}
Event: 37.579 GC heap after
{Heap after GC invocations=62 (full 0):
 garbage-first heap   total 313344K, used 136946K [0x0000000080000000, 0x0000000100000000)
  region size 1024K, 6 young (6144K), 6 survivors (6144K)
 Metaspace       used 104603K, committed 105600K, reserved 557056K
  class space    used 14411K, committed 14848K, reserved 425984K
}
Event: 39.211 GC heap before
{Heap before GC invocations=62 (full 0):
 garbage-first heap   total 313344K, used 256754K [0x0000000080000000, 0x0000000100000000)
  region size 1024K, 124 young (126976K), 6 survivors (6144K)
 Metaspace       used 105369K, committed 106368K, reserved 557056K
  class space    used 14514K, committed 14976K, reserved 425984K
}
Event: 39.228 GC heap after
{Heap after GC invocations=63 (full 0):
 garbage-first heap   total 313344K, used 142653K [0x0000000080000000, 0x0000000100000000)
  region size 1024K, 11 young (11264K), 11 survivors (11264K)
 Metaspace       used 105369K, committed 106368K, reserved 557056K
  class space    used 14514K, committed 14976K, reserved 425984K
}
Event: 43.271 GC heap before
{Heap before GC invocations=63 (full 0):
 garbage-first heap   total 313344K, used 274749K [0x0000000080000000, 0x0000000100000000)
  region size 1024K, 124 young (126976K), 11 survivors (11264K)
 Metaspace       used 109927K, committed 110976K, reserved 557056K
  class space    used 15145K, committed 15616K, reserved 425984K
}
Event: 43.301 GC heap after
{Heap after GC invocations=64 (full 0):
 garbage-first heap   total 313344K, used 165096K [0x0000000080000000, 0x0000000100000000)
  region size 1024K, 16 young (16384K), 16 survivors (16384K)
 Metaspace       used 109927K, committed 110976K, reserved 557056K
  class space    used 15145K, committed 15616K, reserved 425984K
}
Event: 44.466 GC heap before
{Heap before GC invocations=64 (full 0):
 garbage-first heap   total 313344K, used 284904K [0x0000000080000000, 0x0000000100000000)
  region size 1024K, 107 young (109568K), 16 survivors (16384K)
 Metaspace       used 112990K, committed 113984K, reserved 557056K
  class space    used 15748K, committed 16192K, reserved 425984K
}
Event: 44.569 GC heap after
{Heap after GC invocations=65 (full 0):
 garbage-first heap   total 330752K, used 205130K [0x0000000080000000, 0x0000000100000000)
  region size 1024K, 14 young (14336K), 14 survivors (14336K)
 Metaspace       used 112990K, committed 113984K, reserved 557056K
  class space    used 15748K, committed 16192K, reserved 425984K
}
Event: 44.912 GC heap before
{Heap before GC invocations=65 (full 0):
 garbage-first heap   total 330752K, used 264522K [0x0000000080000000, 0x0000000100000000)
  region size 1024K, 72 young (73728K), 14 survivors (14336K)
 Metaspace       used 113128K, committed 114112K, reserved 557056K
  class space    used 15758K, committed 16192K, reserved 425984K
}
Event: 45.182 GC heap after
{Heap after GC invocations=66 (full 0):
 garbage-first heap   total 330752K, used 236032K [0x0000000080000000, 0x0000000100000000)
  region size 1024K, 9 young (9216K), 9 survivors (9216K)
 Metaspace       used 113128K, committed 114112K, reserved 557056K
  class space    used 15758K, committed 16192K, reserved 425984K
}
Event: 45.571 GC heap before
{Heap before GC invocations=66 (full 0):
 garbage-first heap   total 330752K, used 268800K [0x0000000080000000, 0x0000000100000000)
  region size 1024K, 41 young (41984K), 9 survivors (9216K)
 Metaspace       used 113175K, committed 114240K, reserved 557056K
  class space    used 15762K, committed 16256K, reserved 425984K
}
Event: 45.636 GC heap after
{Heap after GC invocations=67 (full 0):
 garbage-first heap   total 330752K, used 252928K [0x0000000080000000, 0x0000000100000000)
  region size 1024K, 6 young (6144K), 6 survivors (6144K)
 Metaspace       used 113175K, committed 114240K, reserved 557056K
  class space    used 15762K, committed 16256K, reserved 425984K
}
Event: 47.704 GC heap before
{Heap before GC invocations=67 (full 0):
 garbage-first heap   total 330752K, used 273408K [0x0000000080000000, 0x0000000100000000)
  region size 1024K, 27 young (27648K), 6 survivors (6144K)
 Metaspace       used 115499K, committed 116480K, reserved 557056K
  class space    used 16071K, committed 16512K, reserved 425984K
}

