# JRE version: Java(TM) SE Runtime Environment (17.0.12+8) (build 17.0.12+8-LTS-286)
# Java VM: Java HotSpot(TM) 64-Bit Server VM (17.0.12+8-LTS-286, mixed mode, sharing, tiered, compressed oops, compressed class ptrs, g1 gc, windows-amd64)
GC Precious Log:
 CPUs: 4 total, 4 available
 Memory: 3836M
 Large Page Support: Disabled
 NUMA Support: Disabled
 Compressed Oops: Enabled (32-bit)
 Heap Region Size: 1M
 Heap Min Capacity: 8M
 Heap Initial Capacity: 60M
 Heap Max Capacity: 2G
 Pre-touch: Disabled
 Parallel Workers: 4
 Concurrent Workers: 1
 Concurrent Refinement Workers: 4
 Periodic GC: Disabled
Heap:
 garbage-first heap   total 328704K, used 265728K [0x0000000080000000, 0x0000000100000000)
  region size 1024K, 3 young (3072K), 3 survivors (3072K)
 Metaspace       used 125075K, committed 126144K, reserved 557056K
  class space    used 16988K, committed 17536K, reserved 425984K
GC Heap History (20 events):
Event: 58.740 GC heap after
{Heap after GC invocations=61 (full 0):
 garbage-first heap   total 273408K, used 135443K [0x0000000080000000, 0x0000000100000000)
  region size 1024K, 5 young (5120K), 5 survivors (5120K)
 Metaspace       used 107765K, committed 108736K, reserved 557056K
  class space    used 14810K, committed 15296K, reserved 425984K
}
Event: 58.825 GC heap before
{Heap before GC invocations=61 (full 0):
 garbage-first heap   total 273408K, used 143635K [0x0000000080000000, 0x0000000100000000)
  region size 1024K, 13 young (13312K), 5 survivors (5120K)
 Metaspace       used 107767K, committed 108736K, reserved 557056K
  class space    used 14810K, committed 15296K, reserved 425984K
}
Event: 58.835 GC heap after
{Heap after GC invocations=62 (full 0):
 garbage-first heap   total 328704K, used 132821K [0x0000000080000000, 0x0000000100000000)
  region size 1024K, 2 young (2048K), 2 survivors (2048K)
 Metaspace       used 107767K, committed 108736K, reserved 557056K
  class space    used 14810K, committed 15296K, reserved 425984K
}
Event: 60.418 GC heap before
{Heap before GC invocations=62 (full 0):
 garbage-first heap   total 328704K, used 266965K [0x0000000080000000, 0x0000000100000000)
  region size 1024K, 133 young (136192K), 2 survivors (2048K)
 Metaspace       used 107768K, committed 108736K, reserved 557056K
  class space    used 14810K, committed 15296K, reserved 425984K
}
Event: 60.430 GC heap after
{Heap after GC invocations=63 (full 0):
 garbage-first heap   total 328704K, used 136480K [0x0000000080000000, 0x0000000100000000)
  region size 1024K, 6 young (6144K), 6 survivors (6144K)
 Metaspace       used 107768K, committed 108736K, reserved 557056K
  class space    used 14810K, committed 15296K, reserved 425984K
}
Event: 68.706 GC heap before
{Heap before GC invocations=63 (full 0):
 garbage-first heap   total 328704K, used 277792K [0x0000000080000000, 0x0000000100000000)
  region size 1024K, 137 young (140288K), 6 survivors (6144K)
 Metaspace       used 111123K, committed 112192K, reserved 557056K
  class space    used 15125K, committed 15680K, reserved 425984K
}
Event: 68.745 GC heap after
{Heap after GC invocations=64 (full 0):
 garbage-first heap   total 328704K, used 150940K [0x0000000080000000, 0x0000000100000000)
  region size 1024K, 18 young (18432K), 18 survivors (18432K)
 Metaspace       used 111123K, committed 112192K, reserved 557056K
  class space    used 15125K, committed 15680K, reserved 425984K
}
Event: 73.382 GC heap before
{Heap before GC invocations=64 (full 0):
 garbage-first heap   total 328704K, used 262556K [0x0000000080000000, 0x0000000100000000)
  region size 1024K, 128 young (131072K), 18 survivors (18432K)
 Metaspace       used 116140K, committed 117312K, reserved 557056K
  class space    used 15620K, committed 16192K, reserved 425984K
}
Event: 73.414 GC heap after
{Heap after GC invocations=65 (full 0):
 garbage-first heap   total 328704K, used 152279K [0x0000000080000000, 0x0000000100000000)
  region size 1024K, 5 young (5120K), 5 survivors (5120K)
 Metaspace       used 116140K, committed 117312K, reserved 557056K
  class space    used 15620K, committed 16192K, reserved 425984K
}
Event: 79.258 GC heap before
{Heap before GC invocations=65 (full 0):
 garbage-first heap   total 328704K, used 278231K [0x0000000080000000, 0x0000000100000000)
  region size 1024K, 117 young (119808K), 5 survivors (5120K)
 Metaspace       used 117726K, committed 118848K, reserved 557056K
  class space    used 15811K, committed 16384K, reserved 425984K
}
Event: 79.350 GC heap after
{Heap after GC invocations=66 (full 0):
 garbage-first heap   total 328704K, used 171705K [0x0000000080000000, 0x0000000100000000)
  region size 1024K, 12 young (12288K), 12 survivors (12288K)
 Metaspace       used 117726K, committed 118848K, reserved 557056K
  class space    used 15811K, committed 16384K, reserved 425984K
}
Event: 84.194 GC heap before
{Heap before GC invocations=66 (full 0):
 garbage-first heap   total 328704K, used 298681K [0x0000000080000000, 0x0000000100000000)
  region size 1024K, 107 young (109568K), 12 survivors (12288K)
 Metaspace       used 121927K, committed 123072K, reserved 557056K
  class space    used 16388K, committed 16960K, reserved 425984K
}
Event: 84.262 GC heap after
{Heap after GC invocations=67 (full 0):
 garbage-first heap   total 328704K, used 196608K [0x0000000080000000, 0x0000000100000000)
  region size 1024K, 14 young (14336K), 14 survivors (14336K)
 Metaspace       used 121927K, committed 123072K, reserved 557056K
  class space    used 16388K, committed 16960K, reserved 425984K
}
Event: 85.337 GC heap before
{Heap before GC invocations=67 (full 0):
 garbage-first heap   total 328704K, used 267264K [0x0000000080000000, 0x0000000100000000)
  region size 1024K, 82 young (83968K), 14 survivors (14336K)
 Metaspace       used 124471K, committed 125568K, reserved 557056K
  class space    used 16914K, committed 17472K, reserved 425984K
}
Event: 85.417 GC heap after
{Heap after GC invocations=68 (full 0):
 garbage-first heap   total 328704K, used 221030K [0x0000000080000000, 0x0000000100000000)
  region size 1024K, 11 young (11264K), 11 survivors (11264K)
 Metaspace       used 124471K, committed 125568K, reserved 557056K
  class space    used 16914K, committed 17472K, reserved 425984K
}
Event: 85.612 GC heap before
{Heap before GC invocations=68 (full 0):
 garbage-first heap   total 328704K, used 265062K [0x0000000080000000, 0x0000000100000000)
  region size 1024K, 55 young (56320K), 11 survivors (11264K)
 Metaspace       used 124549K, committed 125632K, reserved 557056K
  class space    used 16916K, committed 17472K, reserved 425984K
}
Event: 85.729 GC heap after
{Heap after GC invocations=69 (full 0):
 garbage-first heap   total 328704K, used 243712K [0x0000000080000000, 0x0000000100000000)
  region size 1024K, 7 young (7168K), 7 survivors (7168K)
 Metaspace       used 124549K, committed 125632K, reserved 557056K
  class space    used 16916K, committed 17472K, reserved 425984K
}
Event: 85.866 GC heap before
{Heap before GC invocations=69 (full 0):
 garbage-first heap   total 328704K, used 269312K [0x0000000080000000, 0x0000000100000000)
  region size 1024K, 32 young (32768K), 7 survivors (7168K)
 Metaspace       used 124553K, committed 125632K, reserved 557056K
  class space    used 16916K, committed 17472K, reserved 425984K
}
Event: 85.928 GC heap after
{Heap after GC invocations=70 (full 0):
 garbage-first heap   total 328704K, used 257536K [0x0000000080000000, 0x0000000100000000)
  region size 1024K, 4 young (4096K), 4 survivors (4096K)
 Metaspace       used 124553K, committed 125632K, reserved 557056K
  class space    used 16916K, committed 17472K, reserved 425984K
}
Event: 86.419 GC heap before
{Heap before GC invocations=70 (full 0):
 garbage-first heap   total 328704K, used 273920K [0x0000000080000000, 0x0000000100000000)
  region size 1024K, 21 young (21504K), 4 survivors (4096K)
 Metaspace       used 125075K, committed 126144K, reserved 557056K
  class space    used 16988K, committed 17536K, reserved 425984K
}

